Using pre-set license
Built from '2022.3/staging' branch; Version is '2022.3.43f1 (85497d293fa1) revision 8735101'; Using compiler version '192829333'; Build Type 'Release'
OS: 'Windows 11  (10.0.22631) 64bit CoreSingleLanguage' Language: 'es' Physical Memory: 7502 MB
BatchMode: 1, IsHumanControllingUs: 0, StartBugReporterOnCrash: 0, Is64bit: 1, IsPro: 1

COMMAND LINE ARGUMENTS:
C:\Program Files\Unity\Hub\Editor\2022.3.43f1\Editor\Unity.exe
-adb2
-batchMode
-noUpm
-name
AssetImportWorker4
-projectPath
C:/Users/esteb/OneDrive/Escritorio/PARKING CAR SIMULATOR LRH
-logFile
Logs/AssetImportWorker4.log
-srvPort
50947
Successfully changed project path to: C:/Users/esteb/OneDrive/Escritorio/PARKING CAR SIMULATOR LRH
C:/Users/esteb/OneDrive/Escritorio/PARKING CAR SIMULATOR LRH
[UnityMemory] Configuration Parameters - Can be set up in boot.config
    "memorysetup-bucket-allocator-granularity=16"
    "memorysetup-bucket-allocator-bucket-count=8"
    "memorysetup-bucket-allocator-block-size=33554432"
    "memorysetup-bucket-allocator-block-count=8"
    "memorysetup-main-allocator-block-size=16777216"
    "memorysetup-thread-allocator-block-size=16777216"
    "memorysetup-gfx-main-allocator-block-size=16777216"
    "memorysetup-gfx-thread-allocator-block-size=16777216"
    "memorysetup-cache-allocator-block-size=4194304"
    "memorysetup-typetree-allocator-block-size=2097152"
    "memorysetup-profiler-bucket-allocator-granularity=16"
    "memorysetup-profiler-bucket-allocator-bucket-count=8"
    "memorysetup-profiler-bucket-allocator-block-size=33554432"
    "memorysetup-profiler-bucket-allocator-block-count=8"
    "memorysetup-profiler-allocator-block-size=16777216"
    "memorysetup-profiler-editor-allocator-block-size=1048576"
    "memorysetup-temp-allocator-size-main=16777216"
    "memorysetup-job-temp-allocator-block-size=2097152"
    "memorysetup-job-temp-allocator-block-size-background=1048576"
    "memorysetup-job-temp-allocator-reduction-small-platforms=262144"
    "memorysetup-allocator-temp-initial-block-size-main=262144"
    "memorysetup-allocator-temp-initial-block-size-worker=262144"
    "memorysetup-temp-allocator-size-background-worker=32768"
    "memorysetup-temp-allocator-size-job-worker=262144"
    "memorysetup-temp-allocator-size-preload-manager=33554432"
    "memorysetup-temp-allocator-size-nav-mesh-worker=65536"
    "memorysetup-temp-allocator-size-audio-worker=65536"
    "memorysetup-temp-allocator-size-cloud-worker=32768"
    "memorysetup-temp-allocator-size-gi-baking-worker=262144"
    "memorysetup-temp-allocator-size-gfx=262144"
Player connection [14588]  Target information:

Player connection [14588]  * "[IP] 192.168.1.8 [Port] 0 [Flags] 2 [Guid] 4105921324 [EditorId] 4105921324 [Version] 1048832 [Id] WindowsEditor(7,HIGUE10) [Debug] 1 [PackageName] WindowsEditor [ProjectName] Editor" 

Player connection [14588] Host joined multi-casting on [225.0.0.222:54997]...
Player connection [14588] Host joined alternative multi-casting on [225.0.0.222:34997]...
[PhysX] Initialized MultithreadedTaskDispatcher with 12 workers.
Refreshing native plugins compatible for Editor in 42.29 ms, found 3 plugins.
Preloading 0 native plugins for Editor in 0.00 ms.
Initialize engine version: 2022.3.43f1 (85497d293fa1)
[Subsystems] Discovering subsystems at path C:/Program Files/Unity/Hub/Editor/2022.3.43f1/Editor/Data/Resources/UnitySubsystems
[Subsystems] Discovering subsystems at path C:/Users/esteb/OneDrive/Escritorio/PARKING CAR SIMULATOR LRH/Assets
GfxDevice: creating device client; threaded=0; jobified=0
Direct3D:
    Version:  Direct3D 11.0 [level 11.1]
    Renderer: AMD Radeon(TM) Graphics (ID=0x164c)
    Vendor:   ATI
    VRAM:     3751 MB
    Driver:   31.0.12044.3
Initialize mono
Mono path[0] = 'C:/Program Files/Unity/Hub/Editor/2022.3.43f1/Editor/Data/Managed'
Mono path[1] = 'C:/Program Files/Unity/Hub/Editor/2022.3.43f1/Editor/Data/MonoBleedingEdge/lib/mono/unityjit-win32'
Mono config path = 'C:/Program Files/Unity/Hub/Editor/2022.3.43f1/Editor/Data/MonoBleedingEdge/etc'
Using monoOptions --debugger-agent=transport=dt_socket,embedding=1,server=y,suspend=n,address=127.0.0.1:56912
Begin MonoManager ReloadAssembly
Registering precompiled unity dll's ...
Register platform support module: C:/Program Files/Unity/Hub/Editor/2022.3.43f1/Editor/Data/PlaybackEngines/AndroidPlayer/UnityEditor.Android.Extensions.dll
Register platform support module: C:/Program Files/Unity/Hub/Editor/2022.3.43f1/Editor/Data/PlaybackEngines/WindowsStandaloneSupport/UnityEditor.WindowsStandalone.Extensions.dll
Registered in 0.028711 seconds.
- Loaded All Assemblies, in  0.863 seconds
Native extension for WindowsStandalone target not found
Native extension for Android target not found
Android Extension - Scanning For ADB Devices 717 ms
Mono: successfully reloaded assembly
- Finished resetting the current domain, in  1.415 seconds
Domain Reload Profiling: 2273ms
	BeginReloadAssembly (248ms)
		ExecutionOrderSort (0ms)
		DisableScriptedObjects (0ms)
		BackupInstance (0ms)
		ReleaseScriptingObjects (0ms)
		CreateAndSetChildDomain (2ms)
	RebuildCommonClasses (79ms)
	RebuildNativeTypeToScriptingClass (19ms)
	initialDomainReloadingComplete (152ms)
	LoadAllAssembliesAndSetupDomain (358ms)
		LoadAssemblies (241ms)
		RebuildTransferFunctionScriptingTraits (0ms)
		AnalyzeDomain (352ms)
			TypeCache.Refresh (349ms)
				TypeCache.ScanAssembly (311ms)
			ScanForSourceGeneratedMonoScriptInfo (1ms)
			ResolveRequiredComponents (1ms)
	FinalizeReload (1417ms)
		ReleaseScriptCaches (0ms)
		RebuildScriptCaches (0ms)
		SetupLoadedEditorAssemblies (1292ms)
			LogAssemblyErrors (0ms)
			InitializePlatformSupportModulesInManaged (906ms)
			SetLoadedEditorAssemblies (7ms)
			RefreshPlugins (0ms)
			BeforeProcessingInitializeOnLoad (5ms)
			ProcessInitializeOnLoadAttributes (259ms)
			ProcessInitializeOnLoadMethodAttributes (115ms)
			AfterProcessingInitializeOnLoad (0ms)
			EditorAssembliesLoaded (0ms)
		ExecutionOrderSort2 (0ms)
		AwakeInstancesAfterBackupRestoration (0ms)
========================================================================
Worker process is ready to serve import requests
Caller must complete domain reload
Begin MonoManager ReloadAssembly
- Loaded All Assemblies, in  3.349 seconds
Native extension for WindowsStandalone target not found
Native extension for Android target not found
Package Manager log level set to [2]
[Package Manager] Server::EnsureServerProcessIsRunning -- launch failed, reason: Unity was launched with the -noUpm command-line argument
[Package Manager] UpmClient::Send -- Unable to send message (not connected to UPM process).
[Package Manager] Cannot connect to Unity Package Manager local server
Mono: successfully reloaded assembly
- Finished resetting the current domain, in  3.321 seconds
Domain Reload Profiling: 6654ms
	BeginReloadAssembly (485ms)
		ExecutionOrderSort (0ms)
		DisableScriptedObjects (11ms)
		BackupInstance (0ms)
		ReleaseScriptingObjects (0ms)
		CreateAndSetChildDomain (58ms)
	RebuildCommonClasses (87ms)
	RebuildNativeTypeToScriptingClass (20ms)
	initialDomainReloadingComplete (130ms)
	LoadAllAssembliesAndSetupDomain (2610ms)
		LoadAssemblies (1718ms)
		RebuildTransferFunctionScriptingTraits (0ms)
		AnalyzeDomain (1174ms)
			TypeCache.Refresh (1050ms)
				TypeCache.ScanAssembly (962ms)
			ScanForSourceGeneratedMonoScriptInfo (75ms)
			ResolveRequiredComponents (38ms)
	FinalizeReload (3322ms)
		ReleaseScriptCaches (0ms)
		RebuildScriptCaches (0ms)
		SetupLoadedEditorAssemblies (2479ms)
			LogAssemblyErrors (0ms)
			InitializePlatformSupportModulesInManaged (90ms)
			SetLoadedEditorAssemblies (21ms)
			RefreshPlugins (0ms)
			BeforeProcessingInitializeOnLoad (259ms)
			ProcessInitializeOnLoadAttributes (2000ms)
			ProcessInitializeOnLoadMethodAttributes (74ms)
			AfterProcessingInitializeOnLoad (33ms)
			EditorAssembliesLoaded (2ms)
		ExecutionOrderSort2 (0ms)
		AwakeInstancesAfterBackupRestoration (29ms)
Launched and connected shader compiler UnityShaderCompiler.exe after 0.22 seconds
Refreshing native plugins compatible for Editor in 42.01 ms, found 3 plugins.
Preloading 0 native plugins for Editor in 0.00 ms.
Unloading 3585 Unused Serialized files (Serialized files now loaded: 0)
Unloading 20 unused Assets / (27.2 KB). Loaded Objects now: 4089.
Memory consumption went from 165.1 MB to 165.1 MB.
Total: 18.130000 ms (FindLiveObjects: 1.614400 ms CreateObjectMapping: 1.062900 ms MarkObjects: 14.845400 ms  DeleteObjects: 0.601400 ms)

AssetImportParameters requested are different than current active one (requested -> active):
  custom:container-demuxer-ogg: 62fdf1f143b41e24485cea50d1cbac27 -> 
  custom:video-decoder-ogg-theora: a1e56fd34408186e4bbccfd4996cb3dc -> 
  custom:framework-win-MediaFoundation: 216162199b28c13a410421893ffa2e32 -> 
  custom:CustomObjectIndexerAttribute: 9a22284fe3817be447336de3de66b15e -> 
  custom:container-demuxer-webm: 4f35f7cbe854078d1ac9338744f61a02 -> 
  custom:container-muxer-webm: aa71ff27fc2769a1b78a27578f13a17b -> 
  custom:video-decoder-webm-vp8: 9c59270c3fd7afecdb556c50c9e8de78 -> 
  custom:SearchIndexIgnoredProperties: e643bd26f0fe6173181afceb89e7c659 -> 
  custom:AudioImporter_EditorPlatform: d09bf68614088b80899f8185d706f6e7 -> 
  custom:video-encoder-webm-vp8: eb34c28f22e8b96e1ab97ce403110664 -> 
  custom:audio-decoder-ogg-vorbis: bf7c407c2cedff20999df2af8eb42d56 -> 
  custom:audio-encoder-webm-vorbis: bf7c407c2cedff20999df2af8eb42d56 -> 
========================================================================
Received Import Request.
  Time since last request: 28803.674380 seconds.
  path: Assets/BusParking2/Sounds/CarEngine
  artifactKey: Guid(0a99d5e50b32c194598cc1e34997c28a) Importer(815301076,1909f56bfc062723c751e8b465ee728b)
Start importing Assets/BusParking2/Sounds/CarEngine using Guid(0a99d5e50b32c194598cc1e34997c28a) Importer(815301076,1909f56bfc062723c751e8b465ee728b) [PhysX] Initialized MultithreadedTaskDispatcher with 12 workers.
 -> (artifact id: '5fdf8172b8ef0e7e75f32635dd335e1a') in 0.004372 seconds
Number of updated asset objects reloaded before import = 0
Number of asset objects unloaded after import = 0
========================================================================
Received Import Request.
  Time since last request: 0.104600 seconds.
  path: Assets/BusParking2/Sounds/CarEngine/Scaniya.wav
  artifactKey: Guid(45b1430a9339e624bbeca25846c2ab9c) Importer(815301076,1909f56bfc062723c751e8b465ee728b)
Start importing Assets/BusParking2/Sounds/CarEngine/Scaniya.wav using Guid(45b1430a9339e624bbeca25846c2ab9c) Importer(815301076,1909f56bfc062723c751e8b465ee728b) [PhysX] Initialized MultithreadedTaskDispatcher with 12 workers.
[PhysX] Initialized MultithreadedTaskDispatcher with 12 workers.
 -> (artifact id: 'c41028fd332ed744b21db250136e545a') in 0.353151 seconds
Number of updated asset objects reloaded before import = 0
Number of asset objects unloaded after import = 2
========================================================================
Received Import Request.
  Time since last request: 8.826920 seconds.
  path: Assets/BusParking2/Editor
  artifactKey: Guid(1cab7176a1177b040976b7b9248da0f3) Importer(815301076,1909f56bfc062723c751e8b465ee728b)
Start importing Assets/BusParking2/Editor using Guid(1cab7176a1177b040976b7b9248da0f3) Importer(815301076,1909f56bfc062723c751e8b465ee728b) [PhysX] Initialized MultithreadedTaskDispatcher with 12 workers.
 -> (artifact id: '5be05db1f5135a6d74d2a8d5964d55c7') in 0.001346 seconds
Number of updated asset objects reloaded before import = 0
Number of asset objects unloaded after import = 0
========================================================================
Received Import Request.
  Time since last request: 5.193135 seconds.
  path: Assets/BusParking2/Models/PlayerCars
  artifactKey: Guid(733bdb5b3c154f9448cf862b168ac1f5) Importer(815301076,1909f56bfc062723c751e8b465ee728b)
Start importing Assets/BusParking2/Models/PlayerCars using Guid(733bdb5b3c154f9448cf862b168ac1f5) Importer(815301076,1909f56bfc062723c751e8b465ee728b) [PhysX] Initialized MultithreadedTaskDispatcher with 12 workers.
 -> (artifact id: 'e0e0b8bb429a749aec36a2e57f057e17') in 0.001550 seconds
Number of updated asset objects reloaded before import = 0
Number of asset objects unloaded after import = 0
========================================================================
Received Import Request.
  Time since last request: 0.127334 seconds.
  path: Assets/BusParking2/Models/PlayerCars/Arrow.FBX
  artifactKey: Guid(cf3274985aa5058488771cb695cfc66a) Importer(815301076,1909f56bfc062723c751e8b465ee728b)
Start importing Assets/BusParking2/Models/PlayerCars/Arrow.FBX using Guid(cf3274985aa5058488771cb695cfc66a) Importer(815301076,1909f56bfc062723c751e8b465ee728b) [PhysX] Initialized MultithreadedTaskDispatcher with 12 workers.
[PhysX] Initialized MultithreadedTaskDispatcher with 12 workers.
[PhysX] Initialized MultithreadedTaskDispatcher with 12 workers.
 -> (artifact id: '0f9b83dbef7911244431d76ea101ac36') in 0.166180 seconds
Number of updated asset objects reloaded before import = 0
Number of asset objects unloaded after import = 8
========================================================================
Received Import Request.
  Time since last request: 64.263272 seconds.
  path: Assets/BusParking2/Models/Light
  artifactKey: Guid(96b2c147ce3c9ef40a48921d17d509b1) Importer(815301076,1909f56bfc062723c751e8b465ee728b)
Start importing Assets/BusParking2/Models/Light using Guid(96b2c147ce3c9ef40a48921d17d509b1) Importer(815301076,1909f56bfc062723c751e8b465ee728b) [PhysX] Initialized MultithreadedTaskDispatcher with 12 workers.
 -> (artifact id: 'acde5906ae7aa798cd8c5a7084ac62c4') in 0.001467 seconds
Number of updated asset objects reloaded before import = 0
Number of asset objects unloaded after import = 0
========================================================================
Received Import Request.
  Time since last request: 0.112393 seconds.
  path: Assets/BusParking2/Models/Light/Shaft.fbx
  artifactKey: Guid(d45cf14d67797f5438431f4196591e6a) Importer(815301076,1909f56bfc062723c751e8b465ee728b)
Start importing Assets/BusParking2/Models/Light/Shaft.fbx using Guid(d45cf14d67797f5438431f4196591e6a) Importer(815301076,1909f56bfc062723c751e8b465ee728b) [PhysX] Initialized MultithreadedTaskDispatcher with 12 workers.
[PhysX] Initialized MultithreadedTaskDispatcher with 12 workers.
[PhysX] Initialized MultithreadedTaskDispatcher with 12 workers.
 -> (artifact id: 'b9c9fa743de03b58d05a09f6c50e15e0') in 0.053003 seconds
Number of updated asset objects reloaded before import = 0
Number of asset objects unloaded after import = 8
========================================================================
Received Import Request.
  Time since last request: 204.948970 seconds.
  path: Assets/BusParking2/Models/Materials
  artifactKey: Guid(6fba514c0d1f17c4b952e1b6d5d2c3bf) Importer(815301076,1909f56bfc062723c751e8b465ee728b)
Start importing Assets/BusParking2/Models/Materials using Guid(6fba514c0d1f17c4b952e1b6d5d2c3bf) Importer(815301076,1909f56bfc062723c751e8b465ee728b) [PhysX] Initialized MultithreadedTaskDispatcher with 12 workers.
 -> (artifact id: 'c6bcfccd9da68b596e2cb50c4a812131') in 0.001055 seconds
Number of updated asset objects reloaded before import = 0
Number of asset objects unloaded after import = 0
========================================================================
Received Import Request.
  Time since last request: 0.068532 seconds.
  path: Assets/BusParking2/Models/Materials/HTB1vFz_HpXXXXbdXpXXq6xXFXXXF.mat
  artifactKey: Guid(c7d6d23e2f5974c4c8826118d14837ff) Importer(815301076,1909f56bfc062723c751e8b465ee728b)
Start importing Assets/BusParking2/Models/Materials/HTB1vFz_HpXXXXbdXpXXq6xXFXXXF.mat using Guid(c7d6d23e2f5974c4c8826118d14837ff) Importer(815301076,1909f56bfc062723c751e8b465ee728b) [PhysX] Initialized MultithreadedTaskDispatcher with 12 workers.
[PhysX] Initialized MultithreadedTaskDispatcher with 12 workers.
 -> (artifact id: '4e522e9197d0b6487a81f30cada5fa46') in 0.128251 seconds
Number of updated asset objects reloaded before import = 0
Number of asset objects unloaded after import = 1
========================================================================
Received Import Request.
  Time since last request: 0.000068 seconds.
  path: Assets/BusParking2/Models/Materials/reflective-cone-250x250.mat
  artifactKey: Guid(76f736b37d1503a429d5750772081acd) Importer(815301076,1909f56bfc062723c751e8b465ee728b)
Start importing Assets/BusParking2/Models/Materials/reflective-cone-250x250.mat using Guid(76f736b37d1503a429d5750772081acd) Importer(815301076,1909f56bfc062723c751e8b465ee728b) [PhysX] Initialized MultithreadedTaskDispatcher with 12 workers.
[PhysX] Initialized MultithreadedTaskDispatcher with 12 workers.
 -> (artifact id: '61ea8c51c1427aeac619d16497c63fca') in 0.052448 seconds
Number of updated asset objects reloaded before import = 0
Number of asset objects unloaded after import = 1
========================================================================
Received Import Request.
  Time since last request: 0.000063 seconds.
  path: Assets/BusParking2/Models/Materials/orange_barrel[1].mat
  artifactKey: Guid(f0b1e9981e1514f4598189d4a43027b1) Importer(815301076,1909f56bfc062723c751e8b465ee728b)
Start importing Assets/BusParking2/Models/Materials/orange_barrel[1].mat using Guid(f0b1e9981e1514f4598189d4a43027b1) Importer(815301076,1909f56bfc062723c751e8b465ee728b) [PhysX] Initialized MultithreadedTaskDispatcher with 12 workers.
[PhysX] Initialized MultithreadedTaskDispatcher with 12 workers.
 -> (artifact id: 'fbfda279c83ea25d94cda33659dcd0d6') in 0.048279 seconds
Number of updated asset objects reloaded before import = 0
Number of asset objects unloaded after import = 2
========================================================================
Received Import Request.
  Time since last request: 0.000091 seconds.
  path: Assets/BusParking2/Models/Materials/Stripes0034_600.mat
  artifactKey: Guid(783b6116114e24c4a8c8d0db7e70db1d) Importer(815301076,1909f56bfc062723c751e8b465ee728b)
Start importing Assets/BusParking2/Models/Materials/Stripes0034_600.mat using Guid(783b6116114e24c4a8c8d0db7e70db1d) Importer(815301076,1909f56bfc062723c751e8b465ee728b) [PhysX] Initialized MultithreadedTaskDispatcher with 12 workers.
[PhysX] Initialized MultithreadedTaskDispatcher with 12 workers.
 -> (artifact id: 'd0d04fb8e9d9120f5658658de0d1ab62') in 0.060425 seconds
Number of updated asset objects reloaded before import = 0
Number of asset objects unloaded after import = 2
========================================================================
Received Import Request.
  Time since last request: 0.000068 seconds.
  path: Assets/BusParking2/Models/Materials/SignsTrafficArrows0037_270.mat
  artifactKey: Guid(a5a1c02f58caa3c4d90925c5c0a03103) Importer(815301076,1909f56bfc062723c751e8b465ee728b)
Start importing Assets/BusParking2/Models/Materials/SignsTrafficArrows0037_270.mat using Guid(a5a1c02f58caa3c4d90925c5c0a03103) Importer(815301076,1909f56bfc062723c751e8b465ee728b) [PhysX] Initialized MultithreadedTaskDispatcher with 12 workers.
[PhysX] Initialized MultithreadedTaskDispatcher with 12 workers.
 -> (artifact id: '75660d6e22588d088eb5f00a10b5ae27') in 0.068163 seconds
Number of updated asset objects reloaded before import = 0
Number of asset objects unloaded after import = 2
========================================================================
Received Import Request.
  Time since last request: 17.647850 seconds.
  path: Assets/BusParking2/Models/PhysicsMaterial
  artifactKey: Guid(3542a8c368abb2f48ab56d32503f7038) Importer(815301076,1909f56bfc062723c751e8b465ee728b)
Start importing Assets/BusParking2/Models/PhysicsMaterial using Guid(3542a8c368abb2f48ab56d32503f7038) Importer(815301076,1909f56bfc062723c751e8b465ee728b) [PhysX] Initialized MultithreadedTaskDispatcher with 12 workers.
 -> (artifact id: '354c650f99f2f660fdac72349a79946a') in 0.001105 seconds
Number of updated asset objects reloaded before import = 0
Number of asset objects unloaded after import = 0
========================================================================
Received Import Request.
  Time since last request: 0.103174 seconds.
  path: Assets/BusParking2/Models/PhysicsMaterial/Ice.physicMaterial
  artifactKey: Guid(d6d9f312761159c48873396a00fb0fbb) Importer(815301076,1909f56bfc062723c751e8b465ee728b)
Start importing Assets/BusParking2/Models/PhysicsMaterial/Ice.physicMaterial using Guid(d6d9f312761159c48873396a00fb0fbb) Importer(815301076,1909f56bfc062723c751e8b465ee728b) [PhysX] Initialized MultithreadedTaskDispatcher with 12 workers.
 -> (artifact id: '29bc7edd43628c0c6e988c66a5dffcf7') in 0.004059 seconds
Number of updated asset objects reloaded before import = 0
Number of asset objects unloaded after import = 1
========================================================================
Received Import Request.
  Time since last request: 5.747565 seconds.
  path: Assets/BusParking2/Models/PlayerCars/Bus2
  artifactKey: Guid(ec4fe2128e329df429e002a389721ebd) Importer(815301076,1909f56bfc062723c751e8b465ee728b)
Start importing Assets/BusParking2/Models/PlayerCars/Bus2 using Guid(ec4fe2128e329df429e002a389721ebd) Importer(815301076,1909f56bfc062723c751e8b465ee728b) [PhysX] Initialized MultithreadedTaskDispatcher with 12 workers.
 -> (artifact id: '03fd0310950a0423ab745bd89645af0f') in 0.001301 seconds
Number of updated asset objects reloaded before import = 0
Number of asset objects unloaded after import = 0
========================================================================
Received Import Request.
  Time since last request: 0.094900 seconds.
  path: Assets/BusParking2/Models/PlayerCars/Bus2/Bus.dae
  artifactKey: Guid(b1114a06b3b0cf04eb92dd9450153618) Importer(815301076,1909f56bfc062723c751e8b465ee728b)
Start importing Assets/BusParking2/Models/PlayerCars/Bus2/Bus.dae using Guid(b1114a06b3b0cf04eb92dd9450153618) Importer(815301076,1909f56bfc062723c751e8b465ee728b) [PhysX] Initialized MultithreadedTaskDispatcher with 12 workers.
[PhysX] Initialized MultithreadedTaskDispatcher with 12 workers.
[PhysX] Initialized MultithreadedTaskDispatcher with 12 workers.
 -> (artifact id: 'eb86171fff495e6479a89b82134765e9') in 0.643419 seconds
Number of updated asset objects reloaded before import = 0
Number of asset objects unloaded after import = 18
========================================================================
Received Import Request.
  Time since last request: 1.423220 seconds.
  path: Assets/BusParking2/Models/PlayerCars/Bus2/Materials
  artifactKey: Guid(b25e9d6cdbac8154aa6f4150b02d0d4e) Importer(815301076,1909f56bfc062723c751e8b465ee728b)
Start importing Assets/BusParking2/Models/PlayerCars/Bus2/Materials using Guid(b25e9d6cdbac8154aa6f4150b02d0d4e) Importer(815301076,1909f56bfc062723c751e8b465ee728b) [PhysX] Initialized MultithreadedTaskDispatcher with 12 workers.
 -> (artifact id: '6e04555560bef83ab30fa9d42ff156d9') in 0.001102 seconds
Number of updated asset objects reloaded before import = 0
Number of asset objects unloaded after import = 0
========================================================================
Received Import Request.
  Time since last request: 0.124496 seconds.
  path: Assets/BusParking2/Models/PlayerCars/Bus2/Materials/Body_Bus.mat
  artifactKey: Guid(51afd7f3d8c4ef1489939f6965ef748f) Importer(815301076,1909f56bfc062723c751e8b465ee728b)
Start importing Assets/BusParking2/Models/PlayerCars/Bus2/Materials/Body_Bus.mat using Guid(51afd7f3d8c4ef1489939f6965ef748f) Importer(815301076,1909f56bfc062723c751e8b465ee728b) [PhysX] Initialized MultithreadedTaskDispatcher with 12 workers.
[PhysX] Initialized MultithreadedTaskDispatcher with 12 workers.
 -> (artifact id: 'a293410f2cdd2a692a2f4e4a822b0b26') in 0.035867 seconds
Number of updated asset objects reloaded before import = 0
Number of asset objects unloaded after import = 1
========================================================================
Received Import Request.
  Time since last request: 0.000087 seconds.
  path: Assets/BusParking2/Models/PlayerCars/Bus2/Materials/Window.mat
  artifactKey: Guid(cdd760bad2538c349b285530c100106a) Importer(815301076,1909f56bfc062723c751e8b465ee728b)
Start importing Assets/BusParking2/Models/PlayerCars/Bus2/Materials/Window.mat using Guid(cdd760bad2538c349b285530c100106a) Importer(815301076,1909f56bfc062723c751e8b465ee728b) [PhysX] Initialized MultithreadedTaskDispatcher with 12 workers.
[PhysX] Initialized MultithreadedTaskDispatcher with 12 workers.
 -> (artifact id: 'e08f30f07e2f2b0c351e8fe6e96118ea') in 0.038910 seconds
Number of updated asset objects reloaded before import = 0
Number of asset objects unloaded after import = 1
========================================================================
Received Import Request.
  Time since last request: 0.000065 seconds.
  path: Assets/BusParking2/Models/PlayerCars/Bus2/Materials/mh_613_Front.mat
  artifactKey: Guid(015c667bbf443ad4dbca54f9fd1223f3) Importer(815301076,1909f56bfc062723c751e8b465ee728b)
Start importing Assets/BusParking2/Models/PlayerCars/Bus2/Materials/mh_613_Front.mat using Guid(015c667bbf443ad4dbca54f9fd1223f3) Importer(815301076,1909f56bfc062723c751e8b465ee728b) [PhysX] Initialized MultithreadedTaskDispatcher with 12 workers.
[PhysX] Initialized MultithreadedTaskDispatcher with 12 workers.
 -> (artifact id: 'bf989a4e6f98bdd0af7b108ac70cd9ad') in 0.045949 seconds
Number of updated asset objects reloaded before import = 0
Number of asset objects unloaded after import = 2
========================================================================
Received Import Request.
  Time since last request: 3.614671 seconds.
  path: Assets/BusParking2/Models/PlayerCars/Bus
  artifactKey: Guid(2d224ae45882d98479779ed1dae50783) Importer(815301076,1909f56bfc062723c751e8b465ee728b)
Start importing Assets/BusParking2/Models/PlayerCars/Bus using Guid(2d224ae45882d98479779ed1dae50783) Importer(815301076,1909f56bfc062723c751e8b465ee728b) [PhysX] Initialized MultithreadedTaskDispatcher with 12 workers.
 -> (artifact id: '7364aac0c801a3edcf0797af28e3004c') in 0.000986 seconds
Number of updated asset objects reloaded before import = 0
Number of asset objects unloaded after import = 0
========================================================================
Received Import Request.
  Time since last request: 0.122429 seconds.
  path: Assets/BusParking2/Models/PlayerCars/Bus/Bus.fbx
  artifactKey: Guid(dc4dc4b23d411f2479ca82c0b42fdf94) Importer(815301076,1909f56bfc062723c751e8b465ee728b)
Start importing Assets/BusParking2/Models/PlayerCars/Bus/Bus.fbx using Guid(dc4dc4b23d411f2479ca82c0b42fdf94) Importer(815301076,1909f56bfc062723c751e8b465ee728b) [PhysX] Initialized MultithreadedTaskDispatcher with 12 workers.
[PhysX] Initialized MultithreadedTaskDispatcher with 12 workers.
[PhysX] Initialized MultithreadedTaskDispatcher with 12 workers.
[PhysX] Initialized MultithreadedTaskDispatcher with 12 workers.
[PhysX] Initialized MultithreadedTaskDispatcher with 12 workers.
[PhysX] Initialized MultithreadedTaskDispatcher with 12 workers.
 -> (artifact id: '9af5cc24689e164fe4f7670c720849a4') in 0.354714 seconds
Number of updated asset objects reloaded before import = 0
Number of asset objects unloaded after import = 32
========================================================================
Received Import Request.
  Time since last request: 1.350196 seconds.
  path: Assets/BusParking2/Models/PlayerCars/Bus/Materials
  artifactKey: Guid(e5b5a4160a50fb74e80fd1ef24816a70) Importer(815301076,1909f56bfc062723c751e8b465ee728b)
Start importing Assets/BusParking2/Models/PlayerCars/Bus/Materials using Guid(e5b5a4160a50fb74e80fd1ef24816a70) Importer(815301076,1909f56bfc062723c751e8b465ee728b) [PhysX] Initialized MultithreadedTaskDispatcher with 12 workers.
 -> (artifact id: '91a418472f0e95d0d573bfb59ecbc395') in 0.001991 seconds
Number of updated asset objects reloaded before import = 0
Number of asset objects unloaded after import = 0
========================================================================
Received Import Request.
  Time since last request: 0.283189 seconds.
  path: Assets/BusParking2/Models/PlayerCars/Bus/Materials/black3.mat
  artifactKey: Guid(c1e0d6abc8f69314e8167f210df1ae1d) Importer(815301076,1909f56bfc062723c751e8b465ee728b)
Start importing Assets/BusParking2/Models/PlayerCars/Bus/Materials/black3.mat using Guid(c1e0d6abc8f69314e8167f210df1ae1d) Importer(815301076,1909f56bfc062723c751e8b465ee728b) [PhysX] Initialized MultithreadedTaskDispatcher with 12 workers.
[PhysX] Initialized MultithreadedTaskDispatcher with 12 workers.
 -> (artifact id: '125441676e183ef5b4ee54bb020bf9b5') in 0.033207 seconds
Number of updated asset objects reloaded before import = 0
Number of asset objects unloaded after import = 1
========================================================================
Received Import Request.
  Time since last request: 0.000134 seconds.
  path: Assets/BusParking2/Models/PlayerCars/Bus/Materials/New Material.mat
  artifactKey: Guid(f57f50e213edad14ab61248bfd01bfa9) Importer(815301076,1909f56bfc062723c751e8b465ee728b)
Start importing Assets/BusParking2/Models/PlayerCars/Bus/Materials/New Material.mat using Guid(f57f50e213edad14ab61248bfd01bfa9) Importer(815301076,1909f56bfc062723c751e8b465ee728b) [PhysX] Initialized MultithreadedTaskDispatcher with 12 workers.
[PhysX] Initialized MultithreadedTaskDispatcher with 12 workers.
 -> (artifact id: '6db1fda42e2c97f0d9d17cad6b0145de') in 0.035777 seconds
Number of updated asset objects reloaded before import = 0
Number of asset objects unloaded after import = 1
========================================================================
Received Import Request.
  Time since last request: 0.000071 seconds.
  path: Assets/BusParking2/Models/PlayerCars/Bus/Materials/PBroa3.mat
  artifactKey: Guid(2eea0bf8b175dff4fbc0d6fc1be917b9) Importer(815301076,1909f56bfc062723c751e8b465ee728b)
Start importing Assets/BusParking2/Models/PlayerCars/Bus/Materials/PBroa3.mat using Guid(2eea0bf8b175dff4fbc0d6fc1be917b9) Importer(815301076,1909f56bfc062723c751e8b465ee728b) [PhysX] Initialized MultithreadedTaskDispatcher with 12 workers.
[PhysX] Initialized MultithreadedTaskDispatcher with 12 workers.
 -> (artifact id: '3f0fcb9d87ff51962349876f7fa56435') in 0.035352 seconds
Number of updated asset objects reloaded before import = 0
Number of asset objects unloaded after import = 2
========================================================================
Received Import Request.
  Time since last request: 0.000048 seconds.
  path: Assets/BusParking2/Models/PlayerCars/Bus/Materials/PBface2.mat
  artifactKey: Guid(82969264a5f0a354fbfc11dbef240e11) Importer(815301076,1909f56bfc062723c751e8b465ee728b)
Start importing Assets/BusParking2/Models/PlayerCars/Bus/Materials/PBface2.mat using Guid(82969264a5f0a354fbfc11dbef240e11) Importer(815301076,1909f56bfc062723c751e8b465ee728b) [PhysX] Initialized MultithreadedTaskDispatcher with 12 workers.
[PhysX] Initialized MultithreadedTaskDispatcher with 12 workers.
 -> (artifact id: '44db54f740c779f8198efe76633f517b') in 0.051007 seconds
Number of updated asset objects reloaded before import = 0
Number of asset objects unloaded after import = 2
========================================================================
Received Import Request.
  Time since last request: 0.000109 seconds.
  path: Assets/BusParking2/Models/PlayerCars/Bus/Materials/PBside3.mat
  artifactKey: Guid(246e6c33202f7fc4d996dcd66bac39ee) Importer(815301076,1909f56bfc062723c751e8b465ee728b)
Start importing Assets/BusParking2/Models/PlayerCars/Bus/Materials/PBside3.mat using Guid(246e6c33202f7fc4d996dcd66bac39ee) Importer(815301076,1909f56bfc062723c751e8b465ee728b) [PhysX] Initialized MultithreadedTaskDispatcher with 12 workers.
[PhysX] Initialized MultithreadedTaskDispatcher with 12 workers.
 -> (artifact id: 'e18668855a290ce216bcb3ede9de0026') in 0.059766 seconds
Number of updated asset objects reloaded before import = 0
Number of asset objects unloaded after import = 2
========================================================================
Received Import Request.
  Time since last request: 0.000056 seconds.
  path: Assets/BusParking2/Models/PlayerCars/Bus/Materials/PBT3.mat
  artifactKey: Guid(86bdf79b387c4ee4aac529164d3898c1) Importer(815301076,1909f56bfc062723c751e8b465ee728b)
Start importing Assets/BusParking2/Models/PlayerCars/Bus/Materials/PBT3.mat using Guid(86bdf79b387c4ee4aac529164d3898c1) Importer(815301076,1909f56bfc062723c751e8b465ee728b) [PhysX] Initialized MultithreadedTaskDispatcher with 12 workers.
[PhysX] Initialized MultithreadedTaskDispatcher with 12 workers.
 -> (artifact id: '2d01bcbb59df6b85406ba2034577f32e') in 0.059890 seconds
Number of updated asset objects reloaded before import = 0
Number of asset objects unloaded after import = 2
========================================================================
Received Import Request.
  Time since last request: 0.000133 seconds.
  path: Assets/BusParking2/Models/PlayerCars/Bus/Materials/PBT2.mat
  artifactKey: Guid(85ea3ad0ed2a5c44898f8137a498074b) Importer(815301076,1909f56bfc062723c751e8b465ee728b)
Start importing Assets/BusParking2/Models/PlayerCars/Bus/Materials/PBT2.mat using Guid(85ea3ad0ed2a5c44898f8137a498074b) Importer(815301076,1909f56bfc062723c751e8b465ee728b) [PhysX] Initialized MultithreadedTaskDispatcher with 12 workers.
[PhysX] Initialized MultithreadedTaskDispatcher with 12 workers.
 -> (artifact id: 'a4f5f550d8e6bb729a48b61be4b679d5') in 0.039419 seconds
Number of updated asset objects reloaded before import = 0
Number of asset objects unloaded after import = 2
========================================================================
Received Import Request.
  Time since last request: 0.750634 seconds.
  path: Assets/BusParking2/Models/PlayerCars/Bus/Materials/Toy01Roa2.mat
  artifactKey: Guid(84d78560022b8754cb763a332ee0b257) Importer(815301076,1909f56bfc062723c751e8b465ee728b)
Start importing Assets/BusParking2/Models/PlayerCars/Bus/Materials/Toy01Roa2.mat using Guid(84d78560022b8754cb763a332ee0b257) Importer(815301076,1909f56bfc062723c751e8b465ee728b) [PhysX] Initialized MultithreadedTaskDispatcher with 12 workers.
[PhysX] Initialized MultithreadedTaskDispatcher with 12 workers.
 -> (artifact id: '64cbd6e57c5575c8092f33ee55d51626') in 0.037148 seconds
Number of updated asset objects reloaded before import = 0
Number of asset objects unloaded after import = 2
========================================================================
Received Import Request.
  Time since last request: 11.338163 seconds.
  path: Assets/BusParking2/Models/PlayerCars/Wheel
  artifactKey: Guid(abe8dcbcc3904014386b3978eb73ea88) Importer(815301076,1909f56bfc062723c751e8b465ee728b)
Start importing Assets/BusParking2/Models/PlayerCars/Wheel using Guid(abe8dcbcc3904014386b3978eb73ea88) Importer(815301076,1909f56bfc062723c751e8b465ee728b) [PhysX] Initialized MultithreadedTaskDispatcher with 12 workers.
 -> (artifact id: '6d5aeed5d3dab0537c85229245e0ac2f') in 0.007326 seconds
Number of updated asset objects reloaded before import = 0
Number of asset objects unloaded after import = 0
========================================================================
Received Import Request.
  Time since last request: 0.355687 seconds.
  path: Assets/BusParking2/Models/PlayerCars/Wheel/Fender.fbx
  artifactKey: Guid(dc90ccf2a8aa3dc4b8fbb07c8cc070fb) Importer(815301076,1909f56bfc062723c751e8b465ee728b)
Start importing Assets/BusParking2/Models/PlayerCars/Wheel/Fender.fbx using Guid(dc90ccf2a8aa3dc4b8fbb07c8cc070fb) Importer(815301076,1909f56bfc062723c751e8b465ee728b) [PhysX] Initialized MultithreadedTaskDispatcher with 12 workers.
[PhysX] Initialized MultithreadedTaskDispatcher with 12 workers.
[PhysX] Initialized MultithreadedTaskDispatcher with 12 workers.
 -> (artifact id: '779c0470f9390992977c89b0a109dbdb') in 0.080496 seconds
Number of updated asset objects reloaded before import = 0
Number of asset objects unloaded after import = 10
========================================================================
Received Import Request.
  Time since last request: 0.000090 seconds.
  path: Assets/BusParking2/Models/PlayerCars/Wheel/Wheel.psd
  artifactKey: Guid(d0e71e8e7de8a024aac58c7c85e05cad) Importer(815301076,1909f56bfc062723c751e8b465ee728b)
Start importing Assets/BusParking2/Models/PlayerCars/Wheel/Wheel.psd using Guid(d0e71e8e7de8a024aac58c7c85e05cad) Importer(815301076,1909f56bfc062723c751e8b465ee728b) [PhysX] Initialized MultithreadedTaskDispatcher with 12 workers.
[PhysX] Initialized MultithreadedTaskDispatcher with 12 workers.
 -> (artifact id: '39a6f1aac9af4e01fe2a1697367e7aa6') in 0.127330 seconds
Number of updated asset objects reloaded before import = 0
Number of asset objects unloaded after import = 2
========================================================================
Received Import Request.
  Time since last request: 286.868738 seconds.
  path: Assets/BusParking2/Prefabs
  artifactKey: Guid(5d5053469dedf0b44adaa8c77ab07f04) Importer(815301076,1909f56bfc062723c751e8b465ee728b)
Start importing Assets/BusParking2/Prefabs using Guid(5d5053469dedf0b44adaa8c77ab07f04) Importer(815301076,1909f56bfc062723c751e8b465ee728b) [PhysX] Initialized MultithreadedTaskDispatcher with 12 workers.
 -> (artifact id: '84dace5dc935666ec9135292e01d6952') in 0.001425 seconds
Number of updated asset objects reloaded before import = 0
Number of asset objects unloaded after import = 0
========================================================================
Received Import Request.
  Time since last request: 0.099932 seconds.
  path: Assets/BusParking2/Prefabs/Levels.prefab
  artifactKey: Guid(c99000823b768c94ca73427edb529bdb) Importer(815301076,1909f56bfc062723c751e8b465ee728b)
Start importing Assets/BusParking2/Prefabs/Levels.prefab using Guid(c99000823b768c94ca73427edb529bdb) Importer(815301076,1909f56bfc062723c751e8b465ee728b) [PhysX] Initialized MultithreadedTaskDispatcher with 12 workers.
 -> (artifact id: '014e0fcc6a3c7861483eae50f2c99663') in 0.094919 seconds
Number of updated asset objects reloaded before import = 0
Number of asset objects unloaded after import = 252
========================================================================
Received Import Request.
  Time since last request: 9.002836 seconds.
  path: Assets/BusParking2/Prefabs/Parking
  artifactKey: Guid(e22012c64347d9f458d41ab3b5c099fd) Importer(815301076,1909f56bfc062723c751e8b465ee728b)
Start importing Assets/BusParking2/Prefabs/Parking using Guid(e22012c64347d9f458d41ab3b5c099fd) Importer(815301076,1909f56bfc062723c751e8b465ee728b) [PhysX] Initialized MultithreadedTaskDispatcher with 12 workers.
 -> (artifact id: '7bb59bf473987b52cf9bbba50b9eb6a4') in 0.001031 seconds
Number of updated asset objects reloaded before import = 0
Number of asset objects unloaded after import = 0
========================================================================
Received Import Request.
  Time since last request: 0.027112 seconds.
  path: Assets/BusParking2/Prefabs/Parking/ParkingManager.prefab
  artifactKey: Guid(73588b5d5638b734d9f872c190b271bc) Importer(815301076,1909f56bfc062723c751e8b465ee728b)
Start importing Assets/BusParking2/Prefabs/Parking/ParkingManager.prefab using Guid(73588b5d5638b734d9f872c190b271bc) Importer(815301076,1909f56bfc062723c751e8b465ee728b) [PhysX] Initialized MultithreadedTaskDispatcher with 12 workers.
[PhysX] Initialized MultithreadedTaskDispatcher with 12 workers.
 -> (artifact id: '2ae63e2fe04e1f6824a7e9af23af282c') in 0.054161 seconds
Number of updated asset objects reloaded before import = 0
Number of asset objects unloaded after import = 47
========================================================================
Received Import Request.
  Time since last request: 1149.214988 seconds.
  path: Assets/BusParking2/Sounds/Finish Effects
  artifactKey: Guid(c50335709ff35724b8c713e16cd7c9b4) Importer(815301076,1909f56bfc062723c751e8b465ee728b)
Start importing Assets/BusParking2/Sounds/Finish Effects using Guid(c50335709ff35724b8c713e16cd7c9b4) Importer(815301076,1909f56bfc062723c751e8b465ee728b) [PhysX] Initialized MultithreadedTaskDispatcher with 12 workers.
 -> (artifact id: 'b1d239a7360d5b906a699dcec5afa20b') in 0.018507 seconds
Number of updated asset objects reloaded before import = 0
Number of asset objects unloaded after import = 0
========================================================================
Received Import Request.
  Time since last request: 0.001161 seconds.
  path: Assets/BusParking2/Sounds/Finish Effects/You_Lost_Effect.wav
  artifactKey: Guid(c31812a842dad7c4183555bbf6a20f3a) Importer(815301076,1909f56bfc062723c751e8b465ee728b)
Start importing Assets/BusParking2/Sounds/Finish Effects/You_Lost_Effect.wav using Guid(c31812a842dad7c4183555bbf6a20f3a) Importer(815301076,1909f56bfc062723c751e8b465ee728b) [PhysX] Initialized MultithreadedTaskDispatcher with 12 workers.
[PhysX] Initialized MultithreadedTaskDispatcher with 12 workers.
 -> (artifact id: '47d64877be1082acc318769e524b81dc') in 0.136812 seconds
Number of updated asset objects reloaded before import = 0
Number of asset objects unloaded after import = 2
========================================================================
Received Prepare
Caller must complete domain reload
Begin MonoManager ReloadAssembly
- Loaded All Assemblies, in  2.766 seconds
Native extension for WindowsStandalone target not found
Native extension for Android target not found
[Package Manager] Server::EnsureServerProcessIsRunning -- launch failed, reason: Unity was launched with the -noUpm command-line argument
[Package Manager] UpmClient::Send -- Unable to send message (not connected to UPM process).
[Package Manager] Cannot connect to Unity Package Manager local server
Mono: successfully reloaded assembly
- Finished resetting the current domain, in  5.392 seconds
Domain Reload Profiling: 8152ms
	BeginReloadAssembly (1319ms)
		ExecutionOrderSort (0ms)
		DisableScriptedObjects (53ms)
		BackupInstance (0ms)
		ReleaseScriptingObjects (1ms)
		CreateAndSetChildDomain (619ms)
	RebuildCommonClasses (62ms)
	RebuildNativeTypeToScriptingClass (18ms)
	initialDomainReloadingComplete (70ms)
	LoadAllAssembliesAndSetupDomain (1289ms)
		LoadAssemblies (1660ms)
		RebuildTransferFunctionScriptingTraits (0ms)
		AnalyzeDomain (59ms)
			TypeCache.Refresh (34ms)
				TypeCache.ScanAssembly (0ms)
			ScanForSourceGeneratedMonoScriptInfo (1ms)
			ResolveRequiredComponents (21ms)
	FinalizeReload (5394ms)
		ReleaseScriptCaches (0ms)
		RebuildScriptCaches (0ms)
		SetupLoadedEditorAssemblies (1247ms)
			LogAssemblyErrors (0ms)
			InitializePlatformSupportModulesInManaged (64ms)
			SetLoadedEditorAssemblies (14ms)
			RefreshPlugins (0ms)
			BeforeProcessingInitializeOnLoad (172ms)
			ProcessInitializeOnLoadAttributes (927ms)
			ProcessInitializeOnLoadMethodAttributes (44ms)
			AfterProcessingInitializeOnLoad (24ms)
			EditorAssembliesLoaded (1ms)
		ExecutionOrderSort2 (0ms)
		AwakeInstancesAfterBackupRestoration (13ms)
Refreshing native plugins compatible for Editor in 23.12 ms, found 3 plugins.
Preloading 0 native plugins for Editor in 0.00 ms.
Unloading 3531 Unused Serialized files (Serialized files now loaded: 0)
Unloading 14 unused Assets / (28.5 KB). Loaded Objects now: 4143.
Memory consumption went from 158.2 MB to 158.1 MB.
Total: 9.806000 ms (FindLiveObjects: 0.664100 ms CreateObjectMapping: 0.151200 ms MarkObjects: 8.901200 ms  DeleteObjects: 0.087700 ms)

Prepare: number of updated asset objects reloaded= 0
AssetImportParameters requested are different than current active one (requested -> active):
  custom:container-demuxer-ogg: 62fdf1f143b41e24485cea50d1cbac27 -> 
  custom:video-decoder-ogg-theora: a1e56fd34408186e4bbccfd4996cb3dc -> 
  custom:framework-win-MediaFoundation: 216162199b28c13a410421893ffa2e32 -> 
  custom:CustomObjectIndexerAttribute: 9a22284fe3817be447336de3de66b15e -> 
  custom:container-demuxer-webm: 4f35f7cbe854078d1ac9338744f61a02 -> 
  custom:container-muxer-webm: aa71ff27fc2769a1b78a27578f13a17b -> 
  custom:video-decoder-webm-vp8: 9c59270c3fd7afecdb556c50c9e8de78 -> 
  custom:SearchIndexIgnoredProperties: e643bd26f0fe6173181afceb89e7c659 -> 
  custom:AudioImporter_EditorPlatform: d09bf68614088b80899f8185d706f6e7 -> 
  custom:video-encoder-webm-vp8: eb34c28f22e8b96e1ab97ce403110664 -> 
  custom:audio-decoder-ogg-vorbis: bf7c407c2cedff20999df2af8eb42d56 -> 
  custom:audio-encoder-webm-vorbis: bf7c407c2cedff20999df2af8eb42d56 -> 
