Using pre-set license
Built from '2022.3/staging' branch; Version is '2022.3.43f1 (85497d293fa1) revision 8735101'; Using compiler version '192829333'; Build Type 'Release'
OS: 'Windows 11  (10.0.22631) 64bit CoreSingleLanguage' Language: 'es' Physical Memory: 7502 MB
BatchMode: 1, IsHumanControllingUs: 0, StartBugReporterOnCrash: 0, Is64bit: 1, IsPro: 1

COMMAND LINE ARGUMENTS:
C:\Program Files\Unity\Hub\Editor\2022.3.43f1\Editor\Unity.exe
-adb2
-batchMode
-noUpm
-name
AssetImportWorker0
-projectPath
C:/Users/esteb/OneDrive/Escritorio/PARKING CAR SIMULATOR LRH
-logFile
Logs/AssetImportWorker0.log
-srvPort
50163
Successfully changed project path to: C:/Users/esteb/OneDrive/Escritorio/PARKING CAR SIMULATOR LRH
C:/Users/esteb/OneDrive/Escritorio/PARKING CAR SIMULATOR LRH
[UnityMemory] Configuration Parameters - Can be set up in boot.config
    "memorysetup-bucket-allocator-granularity=16"
    "memorysetup-bucket-allocator-bucket-count=8"
    "memorysetup-bucket-allocator-block-size=33554432"
    "memorysetup-bucket-allocator-block-count=8"
    "memorysetup-main-allocator-block-size=16777216"
    "memorysetup-thread-allocator-block-size=16777216"
    "memorysetup-gfx-main-allocator-block-size=16777216"
    "memorysetup-gfx-thread-allocator-block-size=16777216"
    "memorysetup-cache-allocator-block-size=4194304"
    "memorysetup-typetree-allocator-block-size=2097152"
    "memorysetup-profiler-bucket-allocator-granularity=16"
    "memorysetup-profiler-bucket-allocator-bucket-count=8"
    "memorysetup-profiler-bucket-allocator-block-size=33554432"
    "memorysetup-profiler-bucket-allocator-block-count=8"
    "memorysetup-profiler-allocator-block-size=16777216"
    "memorysetup-profiler-editor-allocator-block-size=1048576"
    "memorysetup-temp-allocator-size-main=16777216"
    "memorysetup-job-temp-allocator-block-size=2097152"
    "memorysetup-job-temp-allocator-block-size-background=1048576"
    "memorysetup-job-temp-allocator-reduction-small-platforms=262144"
    "memorysetup-allocator-temp-initial-block-size-main=262144"
    "memorysetup-allocator-temp-initial-block-size-worker=262144"
    "memorysetup-temp-allocator-size-background-worker=32768"
    "memorysetup-temp-allocator-size-job-worker=262144"
    "memorysetup-temp-allocator-size-preload-manager=33554432"
    "memorysetup-temp-allocator-size-nav-mesh-worker=65536"
    "memorysetup-temp-allocator-size-audio-worker=65536"
    "memorysetup-temp-allocator-size-cloud-worker=32768"
    "memorysetup-temp-allocator-size-gi-baking-worker=262144"
    "memorysetup-temp-allocator-size-gfx=262144"
Player connection [6696]  Target information:

Player connection [6696]  * "[IP] 192.168.219.155 [Port] 0 [Flags] 2 [Guid] 1077498080 [EditorId] 1077498080 [Version] 1048832 [Id] WindowsEditor(7,HIGUE10) [Debug] 1 [PackageName] WindowsEditor [ProjectName] Editor" 

Player connection [6696] Host joined multi-casting on [225.0.0.222:54997]...
Player connection [6696] Host joined alternative multi-casting on [225.0.0.222:34997]...
[PhysX] Initialized MultithreadedTaskDispatcher with 12 workers.
Refreshing native plugins compatible for Editor in 90.70 ms, found 3 plugins.
Preloading 0 native plugins for Editor in 0.00 ms.
Initialize engine version: 2022.3.43f1 (85497d293fa1)
[Subsystems] Discovering subsystems at path C:/Program Files/Unity/Hub/Editor/2022.3.43f1/Editor/Data/Resources/UnitySubsystems
[Subsystems] Discovering subsystems at path C:/Users/esteb/OneDrive/Escritorio/PARKING CAR SIMULATOR LRH/Assets
GfxDevice: creating device client; threaded=0; jobified=0
Direct3D:
    Version:  Direct3D 11.0 [level 11.1]
    Renderer: AMD Radeon(TM) Graphics (ID=0x164c)
    Vendor:   ATI
    VRAM:     3751 MB
    Driver:   31.0.12044.3
Initialize mono
Mono path[0] = 'C:/Program Files/Unity/Hub/Editor/2022.3.43f1/Editor/Data/Managed'
Mono path[1] = 'C:/Program Files/Unity/Hub/Editor/2022.3.43f1/Editor/Data/MonoBleedingEdge/lib/mono/unityjit-win32'
Mono config path = 'C:/Program Files/Unity/Hub/Editor/2022.3.43f1/Editor/Data/MonoBleedingEdge/etc'
Using monoOptions --debugger-agent=transport=dt_socket,embedding=1,server=y,suspend=n,address=127.0.0.1:56924
Begin MonoManager ReloadAssembly
Registering precompiled unity dll's ...
Register platform support module: C:/Program Files/Unity/Hub/Editor/2022.3.43f1/Editor/Data/PlaybackEngines/AndroidPlayer/UnityEditor.Android.Extensions.dll
Register platform support module: C:/Program Files/Unity/Hub/Editor/2022.3.43f1/Editor/Data/PlaybackEngines/WindowsStandaloneSupport/UnityEditor.WindowsStandalone.Extensions.dll
Registered in 0.051900 seconds.
- Loaded All Assemblies, in  1.421 seconds
Native extension for WindowsStandalone target not found
Native extension for Android target not found
Android Extension - Scanning For ADB Devices 1567 ms
Mono: successfully reloaded assembly
- Finished resetting the current domain, in  2.544 seconds
Domain Reload Profiling: 3951ms
	BeginReloadAssembly (513ms)
		ExecutionOrderSort (0ms)
		DisableScriptedObjects (0ms)
		BackupInstance (0ms)
		ReleaseScriptingObjects (0ms)
		CreateAndSetChildDomain (2ms)
	RebuildCommonClasses (136ms)
	RebuildNativeTypeToScriptingClass (30ms)
	initialDomainReloadingComplete (249ms)
	LoadAllAssembliesAndSetupDomain (476ms)
		LoadAssemblies (500ms)
		RebuildTransferFunctionScriptingTraits (0ms)
		AnalyzeDomain (466ms)
			TypeCache.Refresh (460ms)
				TypeCache.ScanAssembly (414ms)
			ScanForSourceGeneratedMonoScriptInfo (1ms)
			ResolveRequiredComponents (2ms)
	FinalizeReload (2546ms)
		ReleaseScriptCaches (0ms)
		RebuildScriptCaches (0ms)
		SetupLoadedEditorAssemblies (2380ms)
			LogAssemblyErrors (0ms)
			InitializePlatformSupportModulesInManaged (1851ms)
			SetLoadedEditorAssemblies (16ms)
			RefreshPlugins (0ms)
			BeforeProcessingInitializeOnLoad (10ms)
			ProcessInitializeOnLoadAttributes (369ms)
			ProcessInitializeOnLoadMethodAttributes (134ms)
			AfterProcessingInitializeOnLoad (0ms)
			EditorAssembliesLoaded (0ms)
		ExecutionOrderSort2 (0ms)
		AwakeInstancesAfterBackupRestoration (0ms)
========================================================================
Worker process is ready to serve import requests
Caller must complete domain reload
Begin MonoManager ReloadAssembly
- Loaded All Assemblies, in  2.548 seconds
Native extension for WindowsStandalone target not found
Native extension for Android target not found
Package Manager log level set to [2]
[Package Manager] Server::EnsureServerProcessIsRunning -- launch failed, reason: Unity was launched with the -noUpm command-line argument
[Package Manager] UpmClient::Send -- Unable to send message (not connected to UPM process).
[Package Manager] Cannot connect to Unity Package Manager local server
Mono: successfully reloaded assembly
- Finished resetting the current domain, in  2.277 seconds
Domain Reload Profiling: 4793ms
	BeginReloadAssembly (520ms)
		ExecutionOrderSort (0ms)
		DisableScriptedObjects (19ms)
		BackupInstance (0ms)
		ReleaseScriptingObjects (0ms)
		CreateAndSetChildDomain (69ms)
	RebuildCommonClasses (92ms)
	RebuildNativeTypeToScriptingClass (31ms)
	initialDomainReloadingComplete (158ms)
	LoadAllAssembliesAndSetupDomain (1712ms)
		LoadAssemblies (1266ms)
		RebuildTransferFunctionScriptingTraits (0ms)
		AnalyzeDomain (762ms)
			TypeCache.Refresh (692ms)
				TypeCache.ScanAssembly (493ms)
			ScanForSourceGeneratedMonoScriptInfo (48ms)
			ResolveRequiredComponents (17ms)
	FinalizeReload (2279ms)
		ReleaseScriptCaches (0ms)
		RebuildScriptCaches (0ms)
		SetupLoadedEditorAssemblies (1872ms)
			LogAssemblyErrors (0ms)
			InitializePlatformSupportModulesInManaged (64ms)
			SetLoadedEditorAssemblies (6ms)
			RefreshPlugins (0ms)
			BeforeProcessingInitializeOnLoad (211ms)
			ProcessInitializeOnLoadAttributes (1473ms)
			ProcessInitializeOnLoadMethodAttributes (63ms)
			AfterProcessingInitializeOnLoad (54ms)
			EditorAssembliesLoaded (1ms)
		ExecutionOrderSort2 (0ms)
		AwakeInstancesAfterBackupRestoration (25ms)
Launched and connected shader compiler UnityShaderCompiler.exe after 0.13 seconds
Refreshing native plugins compatible for Editor in 46.11 ms, found 3 plugins.
Preloading 0 native plugins for Editor in 0.00 ms.
Unloading 3585 Unused Serialized files (Serialized files now loaded: 0)
Unloading 20 unused Assets / (27.2 KB). Loaded Objects now: 4089.
Memory consumption went from 165.1 MB to 165.0 MB.
Total: 11.535500 ms (FindLiveObjects: 0.953500 ms CreateObjectMapping: 0.521400 ms MarkObjects: 9.860300 ms  DeleteObjects: 0.196300 ms)

AssetImportParameters requested are different than current active one (requested -> active):
  custom:container-demuxer-ogg: 62fdf1f143b41e24485cea50d1cbac27 -> 
  custom:video-decoder-ogg-theora: a1e56fd34408186e4bbccfd4996cb3dc -> 
  custom:framework-win-MediaFoundation: 216162199b28c13a410421893ffa2e32 -> 
  custom:CustomObjectIndexerAttribute: 9a22284fe3817be447336de3de66b15e -> 
  custom:container-demuxer-webm: 4f35f7cbe854078d1ac9338744f61a02 -> 
  custom:container-muxer-webm: aa71ff27fc2769a1b78a27578f13a17b -> 
  custom:video-decoder-webm-vp8: 9c59270c3fd7afecdb556c50c9e8de78 -> 
  custom:SearchIndexIgnoredProperties: e643bd26f0fe6173181afceb89e7c659 -> 
  custom:AudioImporter_EditorPlatform: d09bf68614088b80899f8185d706f6e7 -> 
  custom:video-encoder-webm-vp8: eb34c28f22e8b96e1ab97ce403110664 -> 
  custom:audio-decoder-ogg-vorbis: bf7c407c2cedff20999df2af8eb42d56 -> 
  custom:audio-encoder-webm-vorbis: bf7c407c2cedff20999df2af8eb42d56 -> 
========================================================================
Received Import Request.
  Time since last request: 1025.368245 seconds.
  path: Assets/BusParking2/Prefabs/Cars/Bus2.prefab
  artifactKey: Guid(610f0ece6215fb746a08dbc7321fd25a) Importer(815301076,1909f56bfc062723c751e8b465ee728b)
Start importing Assets/BusParking2/Prefabs/Cars/Bus2.prefab using Guid(610f0ece6215fb746a08dbc7321fd25a) Importer(815301076,1909f56bfc062723c751e8b465ee728b) [PhysX] Initialized MultithreadedTaskDispatcher with 12 workers.
[PhysX] Initialized MultithreadedTaskDispatcher with 12 workers.
 -> (artifact id: '143ac1f42a85be8141457ce9389fc47f') in 1.432382 seconds
Number of updated asset objects reloaded before import = 0
Number of asset objects unloaded after import = 180
========================================================================
Received Import Request.
  Time since last request: 25.552040 seconds.
  path: Assets/BusParking2/Textures/720.png
  artifactKey: Guid(d08ad53bfb5f69a408083765b0f2c1b7) Importer(815301076,1909f56bfc062723c751e8b465ee728b)
Start importing Assets/BusParking2/Textures/720.png using Guid(d08ad53bfb5f69a408083765b0f2c1b7) Importer(815301076,1909f56bfc062723c751e8b465ee728b) [PhysX] Initialized MultithreadedTaskDispatcher with 12 workers.
[PhysX] Initialized MultithreadedTaskDispatcher with 12 workers.
 -> (artifact id: 'd5b92f91ab085ba9307c4f3ff62b4d11') in 0.168775 seconds
Number of updated asset objects reloaded before import = 0
Number of asset objects unloaded after import = 3
========================================================================
Received Import Request.
  Time since last request: 67.149205 seconds.
  path: Assets/UI Toolkit/PanelSettings.asset
  artifactKey: Guid(3f1cd6c8019090347a2cc46ae5c91443) Importer(815301076,1909f56bfc062723c751e8b465ee728b)
Start importing Assets/UI Toolkit/PanelSettings.asset using Guid(3f1cd6c8019090347a2cc46ae5c91443) Importer(815301076,1909f56bfc062723c751e8b465ee728b) [PhysX] Initialized MultithreadedTaskDispatcher with 12 workers.
 -> (artifact id: 'd7da207c76ec08bfbd2aead7b9f33320') in 0.070245 seconds
Number of updated asset objects reloaded before import = 0
Number of asset objects unloaded after import = 24
========================================================================
Received Import Request.
  Time since last request: 9.933841 seconds.
  path: Assets/BusParking2/Models/Bus Parking/block/block.dae
  artifactKey: Guid(051e7761db9791f43ade7cb1d08cb550) Importer(815301076,1909f56bfc062723c751e8b465ee728b)
Start importing Assets/BusParking2/Models/Bus Parking/block/block.dae using Guid(051e7761db9791f43ade7cb1d08cb550) Importer(815301076,1909f56bfc062723c751e8b465ee728b) [PhysX] Initialized MultithreadedTaskDispatcher with 12 workers.
[PhysX] Initialized MultithreadedTaskDispatcher with 12 workers.
[PhysX] Initialized MultithreadedTaskDispatcher with 12 workers.
 -> (artifact id: 'dfcd4651e46830773d878f127883e13d') in 0.423648 seconds
Number of updated asset objects reloaded before import = 0
Number of asset objects unloaded after import = 11
========================================================================
Received Import Request.
  Time since last request: 10.116190 seconds.
  path: Assets/BusParking2/Models/Light/Materials/UE4Lightshafts_Thumb-284x284-9e509d2bed891666035e543e35cd3b06.mat
  artifactKey: Guid(e9eefd1c89ddf1e4a8df45ec4475f375) Importer(815301076,1909f56bfc062723c751e8b465ee728b)
Start importing Assets/BusParking2/Models/Light/Materials/UE4Lightshafts_Thumb-284x284-9e509d2bed891666035e543e35cd3b06.mat using Guid(e9eefd1c89ddf1e4a8df45ec4475f375) Importer(815301076,1909f56bfc062723c751e8b465ee728b) [PhysX] Initialized MultithreadedTaskDispatcher with 12 workers.
[PhysX] Initialized MultithreadedTaskDispatcher with 12 workers.
 -> (artifact id: '98ccb4964a386f0419a80a5c5d1624ea') in 0.119552 seconds
Number of updated asset objects reloaded before import = 0
Number of asset objects unloaded after import = 1
========================================================================
Received Import Request.
  Time since last request: 16.416588 seconds.
  path: Assets/BusParking2/Models/ParkedCars/Materials
  artifactKey: Guid(223f582e258db3a47984abfbe3bedefa) Importer(815301076,1909f56bfc062723c751e8b465ee728b)
Start importing Assets/BusParking2/Models/ParkedCars/Materials using Guid(223f582e258db3a47984abfbe3bedefa) Importer(815301076,1909f56bfc062723c751e8b465ee728b) [PhysX] Initialized MultithreadedTaskDispatcher with 12 workers.
 -> (artifact id: '7dd02669bf793c033ba433e4b694f134') in 0.002136 seconds
Number of updated asset objects reloaded before import = 0
Number of asset objects unloaded after import = 0
========================================================================
Received Import Request.
  Time since last request: 0.118662 seconds.
  path: Assets/BusParking2/Models/ParkedCars/Materials/Car1Texture.mat
  artifactKey: Guid(fbb63b84450fcfd4dbc27c4e5d12126c) Importer(815301076,1909f56bfc062723c751e8b465ee728b)
Start importing Assets/BusParking2/Models/ParkedCars/Materials/Car1Texture.mat using Guid(fbb63b84450fcfd4dbc27c4e5d12126c) Importer(815301076,1909f56bfc062723c751e8b465ee728b) [PhysX] Initialized MultithreadedTaskDispatcher with 12 workers.
[PhysX] Initialized MultithreadedTaskDispatcher with 12 workers.
 -> (artifact id: '238c78c3fa3e60b39a7483d6a70f6f4a') in 0.064345 seconds
Number of updated asset objects reloaded before import = 0
Number of asset objects unloaded after import = 2
========================================================================
Received Import Request.
  Time since last request: 0.000109 seconds.
  path: Assets/BusParking2/Models/ParkedCars/Materials/lambert1.mat
  artifactKey: Guid(4d1b4eec5d3417a49bea98d662f50e2d) Importer(815301076,1909f56bfc062723c751e8b465ee728b)
Start importing Assets/BusParking2/Models/ParkedCars/Materials/lambert1.mat using Guid(4d1b4eec5d3417a49bea98d662f50e2d) Importer(815301076,1909f56bfc062723c751e8b465ee728b) [PhysX] Initialized MultithreadedTaskDispatcher with 12 workers.
[PhysX] Initialized MultithreadedTaskDispatcher with 12 workers.
 -> (artifact id: '3e4a449a4e193be05fd092298882e06f') in 0.020880 seconds
Number of updated asset objects reloaded before import = 0
Number of asset objects unloaded after import = 1
========================================================================
Received Import Request.
  Time since last request: 5.919400 seconds.
  path: Assets/BusParking2/Models/Wheels/Wheel.fbx
  artifactKey: Guid(957f080388e41b4469e33c9d62546229) Importer(815301076,1909f56bfc062723c751e8b465ee728b)
Start importing Assets/BusParking2/Models/Wheels/Wheel.fbx using Guid(957f080388e41b4469e33c9d62546229) Importer(815301076,1909f56bfc062723c751e8b465ee728b) [PhysX] Initialized MultithreadedTaskDispatcher with 12 workers.
[PhysX] Initialized MultithreadedTaskDispatcher with 12 workers.
[PhysX] Initialized MultithreadedTaskDispatcher with 12 workers.
 -> (artifact id: '3d0a1d210dc6c242e44ac85325fe7162') in 0.084484 seconds
Number of updated asset objects reloaded before import = 0
Number of asset objects unloaded after import = 9
========================================================================
Received Import Request.
  Time since last request: 2.426090 seconds.
  path: Assets/BusParking2/Models/Props/1.fbx
  artifactKey: Guid(7f38e7b4325222b4ea88334cddf92c44) Importer(815301076,1909f56bfc062723c751e8b465ee728b)
Start importing Assets/BusParking2/Models/Props/1.fbx using Guid(7f38e7b4325222b4ea88334cddf92c44) Importer(815301076,1909f56bfc062723c751e8b465ee728b) [PhysX] Initialized MultithreadedTaskDispatcher with 12 workers.
[PhysX] Initialized MultithreadedTaskDispatcher with 12 workers.
[PhysX] Initialized MultithreadedTaskDispatcher with 12 workers.
 -> (artifact id: 'e676b9ff4b9cd30e6268f9a06e966a12') in 0.086698 seconds
Number of updated asset objects reloaded before import = 0
Number of asset objects unloaded after import = 11
========================================================================
Received Import Request.
  Time since last request: 1.183656 seconds.
  path: Assets/BusParking2/Models/Props/5.fbx
  artifactKey: Guid(87cff17459da59744acb770105d1ca27) Importer(815301076,1909f56bfc062723c751e8b465ee728b)
Start importing Assets/BusParking2/Models/Props/5.fbx using Guid(87cff17459da59744acb770105d1ca27) Importer(815301076,1909f56bfc062723c751e8b465ee728b) [PhysX] Initialized MultithreadedTaskDispatcher with 12 workers.
[PhysX] Initialized MultithreadedTaskDispatcher with 12 workers.
[PhysX] Initialized MultithreadedTaskDispatcher with 12 workers.
[PhysX] Initialized MultithreadedTaskDispatcher with 12 workers.
[PhysX] Initialized MultithreadedTaskDispatcher with 12 workers.
[PhysX] Initialized MultithreadedTaskDispatcher with 12 workers.
[PhysX] Initialized MultithreadedTaskDispatcher with 12 workers.
[PhysX] Initialized MultithreadedTaskDispatcher with 12 workers.
 -> (artifact id: '1f0d006387276aeb24af8785ef07514d') in 0.198549 seconds
Number of updated asset objects reloaded before import = 0
Number of asset objects unloaded after import = 22
========================================================================
Received Import Request.
  Time since last request: 32.867126 seconds.
  path: Assets/BusParking2/Prefabs/Items/Item2.prefab
  artifactKey: Guid(c84a9a8359e05b34b9d8086716f20d04) Importer(815301076,1909f56bfc062723c751e8b465ee728b)
Start importing Assets/BusParking2/Prefabs/Items/Item2.prefab using Guid(c84a9a8359e05b34b9d8086716f20d04) Importer(815301076,1909f56bfc062723c751e8b465ee728b) [PhysX] Initialized MultithreadedTaskDispatcher with 12 workers.
[PhysX] Initialized MultithreadedTaskDispatcher with 12 workers.
 -> (artifact id: 'c7fcc9315e915c3a34a16661e23f2efc') in 0.044940 seconds
Number of updated asset objects reloaded before import = 0
Number of asset objects unloaded after import = 12
========================================================================
Received Import Request.
  Time since last request: 0.000059 seconds.
  path: Assets/BusParking2/Prefabs/Items/Item4.prefab
  artifactKey: Guid(2251a792e48232f46ad121073666b1e1) Importer(815301076,1909f56bfc062723c751e8b465ee728b)
Start importing Assets/BusParking2/Prefabs/Items/Item4.prefab using Guid(2251a792e48232f46ad121073666b1e1) Importer(815301076,1909f56bfc062723c751e8b465ee728b) [PhysX] Initialized MultithreadedTaskDispatcher with 12 workers.
[PhysX] Initialized MultithreadedTaskDispatcher with 12 workers.
 -> (artifact id: '609d9231ff86ef9cc934f4e574bc6384') in 0.050544 seconds
Number of updated asset objects reloaded before import = 0
Number of asset objects unloaded after import = 12
========================================================================
Received Import Request.
  Time since last request: 0.000068 seconds.
  path: Assets/BusParking2/Prefabs/Items/Item5.prefab
  artifactKey: Guid(a90d40e7ce0e2604abc7c80a2e0a89e4) Importer(815301076,1909f56bfc062723c751e8b465ee728b)
Start importing Assets/BusParking2/Prefabs/Items/Item5.prefab using Guid(a90d40e7ce0e2604abc7c80a2e0a89e4) Importer(815301076,1909f56bfc062723c751e8b465ee728b) [PhysX] Initialized MultithreadedTaskDispatcher with 12 workers.
[PhysX] Initialized MultithreadedTaskDispatcher with 12 workers.
 -> (artifact id: '997ca366e008fc5ffd14e1ed41d2fee4') in 0.049416 seconds
Number of updated asset objects reloaded before import = 0
Number of asset objects unloaded after import = 25
========================================================================
Received Import Request.
  Time since last request: 0.000146 seconds.
  path: Assets/BusParking2/Prefabs/Items/Item5__Mover.prefab
  artifactKey: Guid(d3b8f424567a4794ab55f2e90d7eeaca) Importer(815301076,1909f56bfc062723c751e8b465ee728b)
Start importing Assets/BusParking2/Prefabs/Items/Item5__Mover.prefab using Guid(d3b8f424567a4794ab55f2e90d7eeaca) Importer(815301076,1909f56bfc062723c751e8b465ee728b) [PhysX] Initialized MultithreadedTaskDispatcher with 12 workers.
[PhysX] Initialized MultithreadedTaskDispatcher with 12 workers.
 -> (artifact id: 'b4c876a82f9d29a8253abdcfb2feb10a') in 0.065455 seconds
Number of updated asset objects reloaded before import = 0
Number of asset objects unloaded after import = 32
========================================================================
Received Import Request.
  Time since last request: 0.000302 seconds.
  path: Assets/BusParking2/Prefabs/Items/Parked Car2.prefab
  artifactKey: Guid(bf9bef894a8dad540ba8a797d7f92f47) Importer(815301076,1909f56bfc062723c751e8b465ee728b)
Start importing Assets/BusParking2/Prefabs/Items/Parked Car2.prefab using Guid(bf9bef894a8dad540ba8a797d7f92f47) Importer(815301076,1909f56bfc062723c751e8b465ee728b) [PhysX] Initialized MultithreadedTaskDispatcher with 12 workers.
[PhysX] Initialized MultithreadedTaskDispatcher with 12 workers.
 -> (artifact id: '63f55f74b9ea2073da758d178f0b488d') in 1.870721 seconds
Number of updated asset objects reloaded before import = 0
Number of asset objects unloaded after import = 26
========================================================================
Received Import Request.
  Time since last request: 69.220593 seconds.
  path: Assets/BusParking2/Prefabs/Items/New
  artifactKey: Guid(c29544611f2949a46b7333c54fe70b2e) Importer(815301076,1909f56bfc062723c751e8b465ee728b)
Start importing Assets/BusParking2/Prefabs/Items/New using Guid(c29544611f2949a46b7333c54fe70b2e) Importer(815301076,1909f56bfc062723c751e8b465ee728b) [PhysX] Initialized MultithreadedTaskDispatcher with 12 workers.
 -> (artifact id: '9f8db292ba6ccf8706be2ba46a4ea2ce') in 0.002749 seconds
Number of updated asset objects reloaded before import = 0
Number of asset objects unloaded after import = 0
========================================================================
Received Import Request.
  Time since last request: 0.079881 seconds.
  path: Assets/BusParking2/Prefabs/Items/New/Block.prefab
  artifactKey: Guid(4e3b9d94f7bf89e4199e35c6930b1056) Importer(815301076,1909f56bfc062723c751e8b465ee728b)
Start importing Assets/BusParking2/Prefabs/Items/New/Block.prefab using Guid(4e3b9d94f7bf89e4199e35c6930b1056) Importer(815301076,1909f56bfc062723c751e8b465ee728b) [PhysX] Initialized MultithreadedTaskDispatcher with 12 workers.
[PhysX] Initialized MultithreadedTaskDispatcher with 12 workers.
 -> (artifact id: 'd9a15bff763fe1a4b5c00a4a8a6601f9') in 0.237669 seconds
Number of updated asset objects reloaded before import = 0
Number of asset objects unloaded after import = 14
========================================================================
Received Import Request.
  Time since last request: 0.957496 seconds.
  path: Assets/BusParking2/Prefabs/Items/New/Platform.prefab
  artifactKey: Guid(e7610893fd5e8f948b797ad31b406f9c) Importer(815301076,1909f56bfc062723c751e8b465ee728b)
Start importing Assets/BusParking2/Prefabs/Items/New/Platform.prefab using Guid(e7610893fd5e8f948b797ad31b406f9c) Importer(815301076,1909f56bfc062723c751e8b465ee728b) [PhysX] Initialized MultithreadedTaskDispatcher with 12 workers.
[PhysX] Initialized MultithreadedTaskDispatcher with 12 workers.
 -> (artifact id: 'ae871971e525f870b337cd29a3dc4fb3') in 1.141961 seconds
Number of updated asset objects reloaded before import = 0
Number of asset objects unloaded after import = 28
========================================================================
Received Prepare
Caller must complete domain reload
Begin MonoManager ReloadAssembly
- Loaded All Assemblies, in  1.747 seconds
Native extension for WindowsStandalone target not found
Native extension for Android target not found
[Package Manager] Server::EnsureServerProcessIsRunning -- launch failed, reason: Unity was launched with the -noUpm command-line argument
[Package Manager] UpmClient::Send -- Unable to send message (not connected to UPM process).
[Package Manager] Cannot connect to Unity Package Manager local server
Mono: successfully reloaded assembly
- Finished resetting the current domain, in  4.541 seconds
Domain Reload Profiling: 6265ms
	BeginReloadAssembly (601ms)
		ExecutionOrderSort (0ms)
		DisableScriptedObjects (16ms)
		BackupInstance (0ms)
		ReleaseScriptingObjects (0ms)
		CreateAndSetChildDomain (151ms)
	RebuildCommonClasses (101ms)
	RebuildNativeTypeToScriptingClass (42ms)
	initialDomainReloadingComplete (119ms)
	LoadAllAssembliesAndSetupDomain (862ms)
		LoadAssemblies (1123ms)
		RebuildTransferFunctionScriptingTraits (0ms)
		AnalyzeDomain (34ms)
			TypeCache.Refresh (16ms)
				TypeCache.ScanAssembly (0ms)
			ScanForSourceGeneratedMonoScriptInfo (0ms)
			ResolveRequiredComponents (16ms)
	FinalizeReload (4542ms)
		ReleaseScriptCaches (0ms)
		RebuildScriptCaches (0ms)
		SetupLoadedEditorAssemblies (1434ms)
			LogAssemblyErrors (0ms)
			InitializePlatformSupportModulesInManaged (70ms)
			SetLoadedEditorAssemblies (17ms)
			RefreshPlugins (0ms)
			BeforeProcessingInitializeOnLoad (238ms)
			ProcessInitializeOnLoadAttributes (1020ms)
			ProcessInitializeOnLoadMethodAttributes (52ms)
			AfterProcessingInitializeOnLoad (37ms)
			EditorAssembliesLoaded (0ms)
		ExecutionOrderSort2 (0ms)
		AwakeInstancesAfterBackupRestoration (12ms)
Refreshing native plugins compatible for Editor in 23.25 ms, found 3 plugins.
Preloading 0 native plugins for Editor in 0.00 ms.
Unloading 3531 Unused Serialized files (Serialized files now loaded: 0)
Unloading 17 unused Assets / (141.7 KB). Loaded Objects now: 4142.
Memory consumption went from 158.0 MB to 157.8 MB.
Total: 7.384500 ms (FindLiveObjects: 0.822600 ms CreateObjectMapping: 0.670400 ms MarkObjects: 5.558200 ms  DeleteObjects: 0.329500 ms)

Prepare: number of updated asset objects reloaded= 0
AssetImportParameters requested are different than current active one (requested -> active):
  custom:container-demuxer-ogg: 62fdf1f143b41e24485cea50d1cbac27 -> 
  custom:video-decoder-ogg-theora: a1e56fd34408186e4bbccfd4996cb3dc -> 
  custom:framework-win-MediaFoundation: 216162199b28c13a410421893ffa2e32 -> 
  custom:CustomObjectIndexerAttribute: 9a22284fe3817be447336de3de66b15e -> 
  custom:container-demuxer-webm: 4f35f7cbe854078d1ac9338744f61a02 -> 
  custom:container-muxer-webm: aa71ff27fc2769a1b78a27578f13a17b -> 
  custom:video-decoder-webm-vp8: 9c59270c3fd7afecdb556c50c9e8de78 -> 
  custom:SearchIndexIgnoredProperties: e643bd26f0fe6173181afceb89e7c659 -> 
  custom:AudioImporter_EditorPlatform: d09bf68614088b80899f8185d706f6e7 -> 
  custom:video-encoder-webm-vp8: eb34c28f22e8b96e1ab97ce403110664 -> 
  custom:audio-decoder-ogg-vorbis: bf7c407c2cedff20999df2af8eb42d56 -> 
  custom:audio-encoder-webm-vorbis: bf7c407c2cedff20999df2af8eb42d56 -> 
